<?xml version="1.0" encoding="UTF-8"?>
<!-- Generated by org.testng.reporters.JUnitReportReporter -->
<testsuite hostname="LAPTOP-ULE65TSE" failures="0" tests="1" name="Api_Response.TC_03_PutuserUpdate_Status" time="3.762" errors="0" timestamp="2021-07-02T12:23:25 IST" skipped="0">
  <testcase classname="Api_Response.TC_03_PutuserUpdate_Status" name="Put_status" time="3.762"/>
  <system-out/>
</testsuite> <!-- Api_Response.TC_03_PutuserUpdate_Status -->
