<?xml version="1.0" encoding="UTF-8"?>
<!-- Generated by org.testng.reporters.JUnitReportReporter -->
<testsuite hostname="LAPTOP-ULE65TSE" failures="0" tests="1" name="Api_Response.TC_03_Update_Print_Header" time="3.932" errors="0" timestamp="2021-07-02T12:11:00 IST" skipped="0">
  <testcase classname="Api_Response.TC_03_Update_Print_Header" name="Post" time="3.932"/>
  <system-out/>
</testsuite> <!-- Api_Response.TC_03_Update_Print_Header -->
