<?xml version="1.0" encoding="UTF-8"?>
<!-- Generated by org.testng.reporters.JUnitReportReporter -->
<testsuite hostname="LAPTOP-ULE65TSE" failures="0" tests="1" name="Api_Response.TC_05_DeleteUser" time="3.773" errors="0" timestamp="2021-07-02T12:20:11 IST" skipped="0">
  <testcase classname="Api_Response.TC_05_DeleteUser" name="delete_user" time="3.773"/>
  <system-out/>
</testsuite> <!-- Api_Response.TC_05_DeleteUser -->
