<?xml version="1.0" encoding="UTF-8"?>
<!-- Generated by org.testng.reporters.JUnitReportReporter -->
<testsuite hostname="LAPTOP-ULE65TSE" failures="0" tests="1" name="Api_Response.TC_03_PutuserUpdate" time="4.045" errors="0" timestamp="2021-07-02T11:44:30 IST" skipped="0">
  <testcase classname="Api_Response.TC_03_PutuserUpdate" name="Post" time="4.045"/>
  <system-out/>
</testsuite> <!-- Api_Response.TC_03_PutuserUpdate -->
