<?xml version="1.0" encoding="UTF-8"?>
<!-- Generated by org.testng.reporters.JUnitReportReporter -->
<testsuite hostname="LAPTOP-ULE65TSE" failures="0" tests="1" name="Api_Response.TC_04_Update_Print_Header" time="4.086" errors="0" timestamp="2021-07-02T12:23:11 IST" skipped="0">
  <testcase classname="Api_Response.TC_04_Update_Print_Header" name="put_header" time="4.086"/>
  <system-out/>
</testsuite> <!-- Api_Response.TC_04_Update_Print_Header -->
