<?xml version="1.0" encoding="UTF-8"?>
<!-- Generated by org.testng.reporters.JUnitReportReporter -->
<testsuite hostname="LAPTOP-ULE65TSE" failures="0" tests="1" name="Api_Response.TC_02_PostNewuser" time="3.627" errors="0" timestamp="2021-07-02T12:21:22 IST" skipped="0">
  <testcase classname="Api_Response.TC_02_PostNewuser" name="Post" time="3.627"/>
  <system-out/>
</testsuite> <!-- Api_Response.TC_02_PostNewuser -->
