<?xml version="1.0" encoding="UTF-8"?>
<!-- Generated by org.testng.reporters.JUnitReportReporter -->
<testsuite hostname="LAPTOP-ULE65TSE" failures="0" tests="1" name="Api_Response.TC_01_GetListOfUsers" time="3.441" errors="0" timestamp="2021-07-02T12:21:49 IST" skipped="0">
  <testcase classname="Api_Response.TC_01_GetListOfUsers" name="get" time="3.441"/>
  <system-out/>
</testsuite> <!-- Api_Response.TC_01_GetListOfUsers -->
