<?xml version="1.0" encoding="UTF-8"?>
<!-- Generated by org.testng.reporters.JUnitReportReporter -->
<testsuite hostname="LAPTOP-ULE65TSE" failures="0" tests="1" name="Api_Response.TC_06_PatchuserUpdate" time="3.650" errors="0" timestamp="2021-07-02T12:25:25 IST" skipped="0">
  <testcase classname="Api_Response.TC_06_PatchuserUpdate" name="Patch" time="3.650"/>
  <system-out/>
</testsuite> <!-- Api_Response.TC_06_PatchuserUpdate -->
